INFO 2025-11-09 18:51:33,451 autoreload Watching for file changes with StatReloader
INFO 2025-11-09 18:54:10,319 autoreload Watching for file changes with StatReloader
INFO 2025-11-09 18:58:07,911 autoreload Watching for file changes with StatReloader
INFO 2025-11-09 19:08:32,347 autoreload Watching for file changes with StatReloader
INFO 2025-11-09 19:09:14,349 autoreload E:\My_Project\Django_Project\HR_sys\HR_sys\organization\admin.py changed, reloading.
INFO 2025-11-09 19:09:16,676 autoreload Watching for file changes with StatReloader
INFO 2025-11-09 19:09:32,924 autoreload Watching for file changes with StatReloader
INFO 2025-11-09 19:11:25,665 autoreload E:\My_Project\Django_Project\HR_sys\HR_sys\employees\admin.py changed, reloading.
INFO 2025-11-09 19:11:26,566 autoreload Watching for file changes with StatReloader
INFO 2025-11-09 19:11:40,449 autoreload Watching for file changes with StatReloader
INFO 2025-11-09 19:13:56,231 autoreload Watching for file changes with StatReloader
INFO 2025-11-09 19:14:44,585 autoreload E:\My_Project\Django_Project\HR_sys\HR_sys\core\urls.py changed, reloading.
INFO 2025-11-09 19:14:45,543 autoreload Watching for file changes with StatReloader
INFO 2025-11-09 19:14:59,072 autoreload Watching for file changes with StatReloader
INFO 2025-11-09 19:16:55,579 autoreload Watching for file changes with StatReloader
INFO 2025-11-09 19:17:46,283 autoreload E:\My_Project\Django_Project\HR_sys\HR_sys\organization\urls.py changed, reloading.
INFO 2025-11-09 19:17:47,279 autoreload Watching for file changes with StatReloader
INFO 2025-11-09 19:18:02,386 autoreload Watching for file changes with StatReloader
INFO 2025-11-09 19:29:35,199 autoreload Watching for file changes with StatReloader
INFO 2025-11-09 19:30:43,661 autoreload Watching for file changes with StatReloader
INFO 2025-11-09 19:31:30,775 autoreload E:\My_Project\Django_Project\HR_sys\HR_sys\core\models.py changed, reloading.
INFO 2025-11-09 19:31:33,102 autoreload Watching for file changes with StatReloader
INFO 2025-11-09 19:32:01,436 autoreload E:\My_Project\Django_Project\HR_sys\HR_sys\organization\admin.py changed, reloading.
INFO 2025-11-09 19:32:03,730 autoreload Watching for file changes with StatReloader
INFO 2025-11-09 19:32:21,195 autoreload Watching for file changes with StatReloader
INFO 2025-11-12 14:58:38,577 autoreload Watching for file changes with StatReloader
ERROR 2025-11-12 14:58:43,465 log Internal Server Error: /
Traceback (most recent call last):
  File "E:\My_Project\Django_Project\HR_sys\HR_sys\venv\Lib\site-packages\django\core\handlers\exception.py", line 55, in inner
    response = get_response(request)
  File "E:\My_Project\Django_Project\HR_sys\HR_sys\venv\Lib\site-packages\django\core\handlers\base.py", line 197, in _get_response
    response = wrapped_callback(request, *callback_args, **callback_kwargs)
  File "E:\My_Project\Django_Project\HR_sys\HR_sys\venv\Lib\site-packages\django\contrib\auth\decorators.py", line 60, in _view_wrapper
    return _redirect_to_login(request)
  File "E:\My_Project\Django_Project\HR_sys\HR_sys\venv\Lib\site-packages\django\contrib\auth\decorators.py", line 24, in _redirect_to_login
    resolved_login_url = resolve_url(login_url or settings.LOGIN_URL)
  File "E:\My_Project\Django_Project\HR_sys\HR_sys\venv\Lib\site-packages\django\shortcuts.py", line 184, in resolve_url
    return reverse(to, args=args, kwargs=kwargs)
  File "E:\My_Project\Django_Project\HR_sys\HR_sys\venv\Lib\site-packages\django\urls\base.py", line 98, in reverse
    resolved_url = resolver._reverse_with_prefix(view, prefix, *args, **kwargs)
  File "E:\My_Project\Django_Project\HR_sys\HR_sys\venv\Lib\site-packages\django\urls\resolvers.py", line 831, in _reverse_with_prefix
    raise NoReverseMatch(msg)
django.urls.exceptions.NoReverseMatch: Reverse for 'login' not found. 'login' is not a valid view function or pattern name.
ERROR 2025-11-12 14:58:43,478 basehttp "GET / HTTP/1.1" 500 91520
WARNING 2025-11-12 14:58:43,720 log Not Found: /favicon.ico
WARNING 2025-11-12 14:58:43,721 basehttp "GET /favicon.ico HTTP/1.1" 404 5570
INFO 2025-11-12 15:00:13,259 autoreload E:\My_Project\Django_Project\HR_sys\HR_sys\HR_sys\settings.py changed, reloading.
INFO 2025-11-12 15:00:15,764 autoreload Watching for file changes with StatReloader
INFO 2025-11-12 15:02:23,347 autoreload Watching for file changes with StatReloader
INFO 2025-11-12 15:02:38,690 basehttp "GET / HTTP/1.1" 302 0
ERROR 2025-11-12 15:02:38,761 log Internal Server Error: /login/
Traceback (most recent call last):
  File "E:\My_Project\Django_Project\HR_sys\HR_sys\venv\Lib\site-packages\django\core\handlers\exception.py", line 55, in inner
    response = get_response(request)
  File "E:\My_Project\Django_Project\HR_sys\HR_sys\venv\Lib\site-packages\django\core\handlers\base.py", line 197, in _get_response
    response = wrapped_callback(request, *callback_args, **callback_kwargs)
  File "E:\My_Project\Django_Project\HR_sys\HR_sys\core\views.py", line 44, in login_view
    return render(request, 'core/login.html', {'form': form})
  File "E:\My_Project\Django_Project\HR_sys\HR_sys\venv\Lib\site-packages\django\shortcuts.py", line 25, in render
    content = loader.render_to_string(template_name, context, request, using=using)
  File "E:\My_Project\Django_Project\HR_sys\HR_sys\venv\Lib\site-packages\django\template\loader.py", line 61, in render_to_string
    template = get_template(template_name, using=using)
  File "E:\My_Project\Django_Project\HR_sys\HR_sys\venv\Lib\site-packages\django\template\loader.py", line 19, in get_template
    raise TemplateDoesNotExist(template_name, chain=chain)
django.template.exceptions.TemplateDoesNotExist: core/login.html
ERROR 2025-11-12 15:02:38,766 basehttp "GET /login/?next=/ HTTP/1.1" 500 88770
ERROR 2025-11-12 15:02:52,679 log Internal Server Error: /login/
Traceback (most recent call last):
  File "E:\My_Project\Django_Project\HR_sys\HR_sys\venv\Lib\site-packages\django\core\handlers\exception.py", line 55, in inner
    response = get_response(request)
  File "E:\My_Project\Django_Project\HR_sys\HR_sys\venv\Lib\site-packages\django\core\handlers\base.py", line 197, in _get_response
    response = wrapped_callback(request, *callback_args, **callback_kwargs)
  File "E:\My_Project\Django_Project\HR_sys\HR_sys\core\views.py", line 44, in login_view
    return render(request, 'core/login.html', {'form': form})
  File "E:\My_Project\Django_Project\HR_sys\HR_sys\venv\Lib\site-packages\django\shortcuts.py", line 25, in render
    content = loader.render_to_string(template_name, context, request, using=using)
  File "E:\My_Project\Django_Project\HR_sys\HR_sys\venv\Lib\site-packages\django\template\loader.py", line 61, in render_to_string
    template = get_template(template_name, using=using)
  File "E:\My_Project\Django_Project\HR_sys\HR_sys\venv\Lib\site-packages\django\template\loader.py", line 19, in get_template
    raise TemplateDoesNotExist(template_name, chain=chain)
django.template.exceptions.TemplateDoesNotExist: core/login.html
ERROR 2025-11-12 15:02:52,684 basehttp "GET /login/?next=/ HTTP/1.1" 500 88895
INFO 2025-11-12 15:03:01,914 basehttp "GET / HTTP/1.1" 302 0
ERROR 2025-11-12 15:03:01,964 log Internal Server Error: /login/
Traceback (most recent call last):
  File "E:\My_Project\Django_Project\HR_sys\HR_sys\venv\Lib\site-packages\django\core\handlers\exception.py", line 55, in inner
    response = get_response(request)
  File "E:\My_Project\Django_Project\HR_sys\HR_sys\venv\Lib\site-packages\django\core\handlers\base.py", line 197, in _get_response
    response = wrapped_callback(request, *callback_args, **callback_kwargs)
  File "E:\My_Project\Django_Project\HR_sys\HR_sys\core\views.py", line 44, in login_view
    return render(request, 'core/login.html', {'form': form})
  File "E:\My_Project\Django_Project\HR_sys\HR_sys\venv\Lib\site-packages\django\shortcuts.py", line 25, in render
    content = loader.render_to_string(template_name, context, request, using=using)
  File "E:\My_Project\Django_Project\HR_sys\HR_sys\venv\Lib\site-packages\django\template\loader.py", line 61, in render_to_string
    template = get_template(template_name, using=using)
  File "E:\My_Project\Django_Project\HR_sys\HR_sys\venv\Lib\site-packages\django\template\loader.py", line 19, in get_template
    raise TemplateDoesNotExist(template_name, chain=chain)
django.template.exceptions.TemplateDoesNotExist: core/login.html
ERROR 2025-11-12 15:03:01,968 basehttp "GET /login/?next=/ HTTP/1.1" 500 88758
INFO 2025-11-12 15:03:30,274 autoreload Watching for file changes with StatReloader
INFO 2025-11-12 15:03:48,683 basehttp "GET / HTTP/1.1" 302 0
ERROR 2025-11-12 15:03:48,733 log Internal Server Error: /login/
Traceback (most recent call last):
  File "E:\My_Project\Django_Project\HR_sys\HR_sys\venv\Lib\site-packages\django\core\handlers\exception.py", line 55, in inner
    response = get_response(request)
  File "E:\My_Project\Django_Project\HR_sys\HR_sys\venv\Lib\site-packages\django\core\handlers\base.py", line 197, in _get_response
    response = wrapped_callback(request, *callback_args, **callback_kwargs)
  File "E:\My_Project\Django_Project\HR_sys\HR_sys\core\views.py", line 44, in login_view
    return render(request, 'core/login.html', {'form': form})
  File "E:\My_Project\Django_Project\HR_sys\HR_sys\venv\Lib\site-packages\django\shortcuts.py", line 25, in render
    content = loader.render_to_string(template_name, context, request, using=using)
  File "E:\My_Project\Django_Project\HR_sys\HR_sys\venv\Lib\site-packages\django\template\loader.py", line 61, in render_to_string
    template = get_template(template_name, using=using)
  File "E:\My_Project\Django_Project\HR_sys\HR_sys\venv\Lib\site-packages\django\template\loader.py", line 19, in get_template
    raise TemplateDoesNotExist(template_name, chain=chain)
django.template.exceptions.TemplateDoesNotExist: core/login.html
ERROR 2025-11-12 15:03:48,736 basehttp "GET /login/?next=/ HTTP/1.1" 500 88758
INFO 2025-11-12 15:09:10,746 autoreload E:\My_Project\Django_Project\HR_sys\HR_sys\HR_sys\settings.py changed, reloading.
INFO 2025-11-12 15:09:12,206 autoreload Watching for file changes with StatReloader
INFO 2025-11-12 15:09:34,355 basehttp "GET /login/ HTTP/1.1" 200 7575
ERROR 2025-11-12 15:09:43,980 log Internal Server Error: /login/
Traceback (most recent call last):
  File "E:\My_Project\Django_Project\HR_sys\HR_sys\venv\Lib\site-packages\django\db\backends\utils.py", line 105, in _execute
    return self.cursor.execute(sql, params)
           ~~~~~~~~~~~~~~~~~~~^^^^^^^^^^^^^
  File "E:\My_Project\Django_Project\HR_sys\HR_sys\venv\Lib\site-packages\mssql\base.py", line 679, in execute
    return self.cursor.execute(sql, params)
           ~~~~~~~~~~~~~~~~~~~^^^^^^^^^^^^^
pyodbc.ProgrammingError: ('42S02', "[42S02] [Microsoft][ODBC Driver 17 for SQL Server][SQL Server]Invalid object name 'Tbl_Users'. (208) (SQLExecDirectW); [42S02] [Microsoft][ODBC Driver 17 for SQL Server][SQL Server]Statement(s) could not be prepared. (8180)")

The above exception was the direct cause of the following exception:

Traceback (most recent call last):
  File "E:\My_Project\Django_Project\HR_sys\HR_sys\venv\Lib\site-packages\django\core\handlers\exception.py", line 55, in inner
    response = get_response(request)
  File "E:\My_Project\Django_Project\HR_sys\HR_sys\venv\Lib\site-packages\django\core\handlers\base.py", line 197, in _get_response
    response = wrapped_callback(request, *callback_args, **callback_kwargs)
  File "E:\My_Project\Django_Project\HR_sys\HR_sys\core\views.py", line 29, in login_view
    if form.is_valid():
       ~~~~~~~~~~~~~^^
  File "E:\My_Project\Django_Project\HR_sys\HR_sys\venv\Lib\site-packages\django\forms\forms.py", line 206, in is_valid
    return self.is_bound and not self.errors
                                 ^^^^^^^^^^^
  File "E:\My_Project\Django_Project\HR_sys\HR_sys\venv\Lib\site-packages\django\forms\forms.py", line 201, in errors
    self.full_clean()
    ~~~~~~~~~~~~~~~^^
  File "E:\My_Project\Django_Project\HR_sys\HR_sys\venv\Lib\site-packages\django\forms\forms.py", line 338, in full_clean
    self._clean_form()
    ~~~~~~~~~~~~~~~~^^
  File "E:\My_Project\Django_Project\HR_sys\HR_sys\venv\Lib\site-packages\django\forms\forms.py", line 354, in _clean_form
    cleaned_data = self.clean()
  File "E:\My_Project\Django_Project\HR_sys\HR_sys\venv\Lib\site-packages\django\views\decorators\debug.py", line 75, in sensitive_variables_wrapper
    return func(*func_args, **func_kwargs)
  File "E:\My_Project\Django_Project\HR_sys\HR_sys\venv\Lib\site-packages\django\contrib\auth\forms.py", line 366, in clean
    self.user_cache = authenticate(
                      ~~~~~~~~~~~~^
        self.request, username=username, password=password
        ^^^^^^^^^^^^^^^^^^^^^^^^^^^^^^^^^^^^^^^^^^^^^^^^^^
    )
    ^
  File "E:\My_Project\Django_Project\HR_sys\HR_sys\venv\Lib\site-packages\django\views\decorators\debug.py", line 75, in sensitive_variables_wrapper
    return func(*func_args, **func_kwargs)
  File "E:\My_Project\Django_Project\HR_sys\HR_sys\venv\Lib\site-packages\django\contrib\auth\__init__.py", line 114, in authenticate
    user = backend.authenticate(request, **credentials)
  File "E:\My_Project\Django_Project\HR_sys\HR_sys\venv\Lib\site-packages\django\contrib\auth\backends.py", line 65, in authenticate
    user = UserModel._default_manager.get_by_natural_key(username)
  File "E:\My_Project\Django_Project\HR_sys\HR_sys\venv\Lib\site-packages\django\contrib\auth\base_user.py", line 37, in get_by_natural_key
    return self.get(**{self.model.USERNAME_FIELD: username})
           ~~~~~~~~^^^^^^^^^^^^^^^^^^^^^^^^^^^^^^^^^^^^^^^^^
  File "E:\My_Project\Django_Project\HR_sys\HR_sys\venv\Lib\site-packages\django\db\models\manager.py", line 87, in manager_method
    return getattr(self.get_queryset(), name)(*args, **kwargs)
           ~~~~~~~~~~~~~~~~~~~~~~~~~~~~~~~~~~^^^^^^^^^^^^^^^^^
  File "E:\My_Project\Django_Project\HR_sys\HR_sys\venv\Lib\site-packages\django\db\models\query.py", line 631, in get
    num = len(clone)
  File "E:\My_Project\Django_Project\HR_sys\HR_sys\venv\Lib\site-packages\django\db\models\query.py", line 368, in __len__
    self._fetch_all()
    ~~~~~~~~~~~~~~~^^
  File "E:\My_Project\Django_Project\HR_sys\HR_sys\venv\Lib\site-packages\django\db\models\query.py", line 1954, in _fetch_all
    self._result_cache = list(self._iterable_class(self))
                         ~~~~^^^^^^^^^^^^^^^^^^^^^^^^^^^^
  File "E:\My_Project\Django_Project\HR_sys\HR_sys\venv\Lib\site-packages\django\db\models\query.py", line 93, in __iter__
    results = compiler.execute_sql(
        chunked_fetch=self.chunked_fetch, chunk_size=self.chunk_size
    )
  File "E:\My_Project\Django_Project\HR_sys\HR_sys\venv\Lib\site-packages\django\db\models\sql\compiler.py", line 1623, in execute_sql
    cursor.execute(sql, params)
    ~~~~~~~~~~~~~~^^^^^^^^^^^^^
  File "E:\My_Project\Django_Project\HR_sys\HR_sys\venv\Lib\site-packages\django\db\backends\utils.py", line 122, in execute
    return super().execute(sql, params)
           ~~~~~~~~~~~~~~~^^^^^^^^^^^^^
  File "E:\My_Project\Django_Project\HR_sys\HR_sys\venv\Lib\site-packages\django\db\backends\utils.py", line 79, in execute
    return self._execute_with_wrappers(
           ~~~~~~~~~~~~~~~~~~~~~~~~~~~^
        sql, params, many=False, executor=self._execute
        ^^^^^^^^^^^^^^^^^^^^^^^^^^^^^^^^^^^^^^^^^^^^^^^
    )
    ^
  File "E:\My_Project\Django_Project\HR_sys\HR_sys\venv\Lib\site-packages\django\db\backends\utils.py", line 92, in _execute_with_wrappers
    return executor(sql, params, many, context)
  File "E:\My_Project\Django_Project\HR_sys\HR_sys\venv\Lib\site-packages\django\db\backends\utils.py", line 100, in _execute
    with self.db.wrap_database_errors:
         ^^^^^^^^^^^^^^^^^^^^^^^^^^^^
  File "E:\My_Project\Django_Project\HR_sys\HR_sys\venv\Lib\site-packages\django\db\utils.py", line 91, in __exit__
    raise dj_exc_value.with_traceback(traceback) from exc_value
  File "E:\My_Project\Django_Project\HR_sys\HR_sys\venv\Lib\site-packages\django\db\backends\utils.py", line 105, in _execute
    return self.cursor.execute(sql, params)
           ~~~~~~~~~~~~~~~~~~~^^^^^^^^^^^^^
  File "E:\My_Project\Django_Project\HR_sys\HR_sys\venv\Lib\site-packages\mssql\base.py", line 679, in execute
    return self.cursor.execute(sql, params)
           ~~~~~~~~~~~~~~~~~~~^^^^^^^^^^^^^
django.db.utils.ProgrammingError: ('42S02', "[42S02] [Microsoft][ODBC Driver 17 for SQL Server][SQL Server]Invalid object name 'Tbl_Users'. (208) (SQLExecDirectW); [42S02] [Microsoft][ODBC Driver 17 for SQL Server][SQL Server]Statement(s) could not be prepared. (8180)")
ERROR 2025-11-12 15:09:44,004 basehttp "POST /login/ HTTP/1.1" 500 189299
INFO 2025-11-12 15:26:10,562 autoreload Watching for file changes with StatReloader
INFO 2025-11-12 15:26:12,453 basehttp "GET / HTTP/1.1" 302 0
INFO 2025-11-12 15:26:12,482 basehttp "GET /login/?next=/ HTTP/1.1" 200 7575
INFO 2025-11-12 15:26:21,071 basehttp "POST /login/ HTTP/1.1" 302 0
ERROR 2025-11-12 15:26:22,167 log Internal Server Error: /
Traceback (most recent call last):
  File "E:\My_Project\Django_Project\HR_sys\HR_sys\venv\Lib\site-packages\django\urls\base.py", line 81, in reverse
    extra, resolver = resolver.namespace_dict[ns]
                      ~~~~~~~~~~~~~~~~~~~~~~~^^^^
KeyError: 'attendance'

During handling of the above exception, another exception occurred:

Traceback (most recent call last):
  File "E:\My_Project\Django_Project\HR_sys\HR_sys\venv\Lib\site-packages\django\core\handlers\exception.py", line 55, in inner
    response = get_response(request)
  File "E:\My_Project\Django_Project\HR_sys\HR_sys\venv\Lib\site-packages\django\core\handlers\base.py", line 197, in _get_response
    response = wrapped_callback(request, *callback_args, **callback_kwargs)
  File "E:\My_Project\Django_Project\HR_sys\HR_sys\venv\Lib\site-packages\django\contrib\auth\decorators.py", line 59, in _view_wrapper
    return view_func(request, *args, **kwargs)
  File "E:\My_Project\Django_Project\HR_sys\HR_sys\core\views.py", line 105, in dashboard
    return render(request, 'core/dashboard.html', context)
  File "E:\My_Project\Django_Project\HR_sys\HR_sys\venv\Lib\site-packages\django\shortcuts.py", line 25, in render
    content = loader.render_to_string(template_name, context, request, using=using)
  File "E:\My_Project\Django_Project\HR_sys\HR_sys\venv\Lib\site-packages\django\template\loader.py", line 62, in render_to_string
    return template.render(context, request)
           ~~~~~~~~~~~~~~~^^^^^^^^^^^^^^^^^^
  File "E:\My_Project\Django_Project\HR_sys\HR_sys\venv\Lib\site-packages\django\template\backends\django.py", line 107, in render
    return self.template.render(context)
           ~~~~~~~~~~~~~~~~~~~~^^^^^^^^^
  File "E:\My_Project\Django_Project\HR_sys\HR_sys\venv\Lib\site-packages\django\template\base.py", line 171, in render
    return self._render(context)
           ~~~~~~~~~~~~^^^^^^^^^
  File "E:\My_Project\Django_Project\HR_sys\HR_sys\venv\Lib\site-packages\django\template\base.py", line 163, in _render
    return self.nodelist.render(context)
           ~~~~~~~~~~~~~~~~~~~~^^^^^^^^^
  File "E:\My_Project\Django_Project\HR_sys\HR_sys\venv\Lib\site-packages\django\template\base.py", line 1016, in render
    return SafeString("".join([node.render_annotated(context) for node in self]))
                               ~~~~~~~~~~~~~~~~~~~~~^^^^^^^^^
  File "E:\My_Project\Django_Project\HR_sys\HR_sys\venv\Lib\site-packages\django\template\base.py", line 977, in render_annotated
    return self.render(context)
           ~~~~~~~~~~~^^^^^^^^^
  File "E:\My_Project\Django_Project\HR_sys\HR_sys\venv\Lib\site-packages\django\template\loader_tags.py", line 159, in render
    return compiled_parent._render(context)
           ~~~~~~~~~~~~~~~~~~~~~~~^^^^^^^^^
  File "E:\My_Project\Django_Project\HR_sys\HR_sys\venv\Lib\site-packages\django\template\base.py", line 163, in _render
    return self.nodelist.render(context)
           ~~~~~~~~~~~~~~~~~~~~^^^^^^^^^
  File "E:\My_Project\Django_Project\HR_sys\HR_sys\venv\Lib\site-packages\django\template\base.py", line 1016, in render
    return SafeString("".join([node.render_annotated(context) for node in self]))
                               ~~~~~~~~~~~~~~~~~~~~~^^^^^^^^^
  File "E:\My_Project\Django_Project\HR_sys\HR_sys\venv\Lib\site-packages\django\template\base.py", line 977, in render_annotated
    return self.render(context)
           ~~~~~~~~~~~^^^^^^^^^
  File "E:\My_Project\Django_Project\HR_sys\HR_sys\venv\Lib\site-packages\django\template\defaulttags.py", line 480, in render
    url = reverse(view_name, args=args, kwargs=kwargs, current_app=current_app)
  File "E:\My_Project\Django_Project\HR_sys\HR_sys\venv\Lib\site-packages\django\urls\base.py", line 92, in reverse
    raise NoReverseMatch("%s is not a registered namespace" % key)
django.urls.exceptions.NoReverseMatch: 'attendance' is not a registered namespace
ERROR 2025-11-12 15:26:22,193 basehttp "GET / HTTP/1.1" 500 162157
INFO 2025-11-12 15:38:36,601 autoreload Watching for file changes with StatReloader
INFO 2025-11-12 15:39:01,360 basehttp "GET /login/ HTTP/1.1" 302 0
ERROR 2025-11-12 15:39:02,260 log Internal Server Error: /
Traceback (most recent call last):
  File "E:\My_Project\Django_Project\HR_sys\HR_sys\venv\Lib\site-packages\django\urls\base.py", line 81, in reverse
    extra, resolver = resolver.namespace_dict[ns]
                      ~~~~~~~~~~~~~~~~~~~~~~~^^^^
KeyError: 'attendance'

During handling of the above exception, another exception occurred:

Traceback (most recent call last):
  File "E:\My_Project\Django_Project\HR_sys\HR_sys\venv\Lib\site-packages\django\core\handlers\exception.py", line 55, in inner
    response = get_response(request)
  File "E:\My_Project\Django_Project\HR_sys\HR_sys\venv\Lib\site-packages\django\core\handlers\base.py", line 197, in _get_response
    response = wrapped_callback(request, *callback_args, **callback_kwargs)
  File "E:\My_Project\Django_Project\HR_sys\HR_sys\venv\Lib\site-packages\django\contrib\auth\decorators.py", line 59, in _view_wrapper
    return view_func(request, *args, **kwargs)
  File "E:\My_Project\Django_Project\HR_sys\HR_sys\core\views.py", line 105, in dashboard
    return render(request, 'core/dashboard.html', context)
  File "E:\My_Project\Django_Project\HR_sys\HR_sys\venv\Lib\site-packages\django\shortcuts.py", line 25, in render
    content = loader.render_to_string(template_name, context, request, using=using)
  File "E:\My_Project\Django_Project\HR_sys\HR_sys\venv\Lib\site-packages\django\template\loader.py", line 62, in render_to_string
    return template.render(context, request)
           ~~~~~~~~~~~~~~~^^^^^^^^^^^^^^^^^^
  File "E:\My_Project\Django_Project\HR_sys\HR_sys\venv\Lib\site-packages\django\template\backends\django.py", line 107, in render
    return self.template.render(context)
           ~~~~~~~~~~~~~~~~~~~~^^^^^^^^^
  File "E:\My_Project\Django_Project\HR_sys\HR_sys\venv\Lib\site-packages\django\template\base.py", line 171, in render
    return self._render(context)
           ~~~~~~~~~~~~^^^^^^^^^
  File "E:\My_Project\Django_Project\HR_sys\HR_sys\venv\Lib\site-packages\django\template\base.py", line 163, in _render
    return self.nodelist.render(context)
           ~~~~~~~~~~~~~~~~~~~~^^^^^^^^^
  File "E:\My_Project\Django_Project\HR_sys\HR_sys\venv\Lib\site-packages\django\template\base.py", line 1016, in render
    return SafeString("".join([node.render_annotated(context) for node in self]))
                               ~~~~~~~~~~~~~~~~~~~~~^^^^^^^^^
  File "E:\My_Project\Django_Project\HR_sys\HR_sys\venv\Lib\site-packages\django\template\base.py", line 977, in render_annotated
    return self.render(context)
           ~~~~~~~~~~~^^^^^^^^^
  File "E:\My_Project\Django_Project\HR_sys\HR_sys\venv\Lib\site-packages\django\template\loader_tags.py", line 159, in render
    return compiled_parent._render(context)
           ~~~~~~~~~~~~~~~~~~~~~~~^^^^^^^^^
  File "E:\My_Project\Django_Project\HR_sys\HR_sys\venv\Lib\site-packages\django\template\base.py", line 163, in _render
    return self.nodelist.render(context)
           ~~~~~~~~~~~~~~~~~~~~^^^^^^^^^
  File "E:\My_Project\Django_Project\HR_sys\HR_sys\venv\Lib\site-packages\django\template\base.py", line 1016, in render
    return SafeString("".join([node.render_annotated(context) for node in self]))
                               ~~~~~~~~~~~~~~~~~~~~~^^^^^^^^^
  File "E:\My_Project\Django_Project\HR_sys\HR_sys\venv\Lib\site-packages\django\template\base.py", line 977, in render_annotated
    return self.render(context)
           ~~~~~~~~~~~^^^^^^^^^
  File "E:\My_Project\Django_Project\HR_sys\HR_sys\venv\Lib\site-packages\django\template\defaulttags.py", line 480, in render
    url = reverse(view_name, args=args, kwargs=kwargs, current_app=current_app)
  File "E:\My_Project\Django_Project\HR_sys\HR_sys\venv\Lib\site-packages\django\urls\base.py", line 92, in reverse
    raise NoReverseMatch("%s is not a registered namespace" % key)
django.urls.exceptions.NoReverseMatch: 'attendance' is not a registered namespace
ERROR 2025-11-12 15:39:02,271 basehttp "GET / HTTP/1.1" 500 161862
INFO 2025-11-12 15:39:32,594 autoreload E:\My_Project\Django_Project\HR_sys\HR_sys\HR_sys\urls.py changed, reloading.
INFO 2025-11-12 15:39:33,742 autoreload Watching for file changes with StatReloader
INFO 2025-11-12 15:41:47,700 autoreload E:\My_Project\Django_Project\HR_sys\HR_sys\attendance\urls.py changed, reloading.
INFO 2025-11-12 15:41:48,678 autoreload Watching for file changes with StatReloader
INFO 2025-11-12 15:43:29,174 autoreload Watching for file changes with StatReloader
ERROR 2025-11-12 15:43:36,637 log Internal Server Error: /
Traceback (most recent call last):
  File "E:\My_Project\Django_Project\HR_sys\HR_sys\venv\Lib\site-packages\django\core\handlers\exception.py", line 55, in inner
    response = get_response(request)
  File "E:\My_Project\Django_Project\HR_sys\HR_sys\venv\Lib\site-packages\django\core\handlers\base.py", line 197, in _get_response
    response = wrapped_callback(request, *callback_args, **callback_kwargs)
  File "E:\My_Project\Django_Project\HR_sys\HR_sys\venv\Lib\site-packages\django\contrib\auth\decorators.py", line 59, in _view_wrapper
    return view_func(request, *args, **kwargs)
  File "E:\My_Project\Django_Project\HR_sys\HR_sys\core\views.py", line 105, in dashboard
    return render(request, 'core/dashboard.html', context)
  File "E:\My_Project\Django_Project\HR_sys\HR_sys\venv\Lib\site-packages\django\shortcuts.py", line 25, in render
    content = loader.render_to_string(template_name, context, request, using=using)
  File "E:\My_Project\Django_Project\HR_sys\HR_sys\venv\Lib\site-packages\django\template\loader.py", line 62, in render_to_string
    return template.render(context, request)
           ~~~~~~~~~~~~~~~^^^^^^^^^^^^^^^^^^
  File "E:\My_Project\Django_Project\HR_sys\HR_sys\venv\Lib\site-packages\django\template\backends\django.py", line 107, in render
    return self.template.render(context)
           ~~~~~~~~~~~~~~~~~~~~^^^^^^^^^
  File "E:\My_Project\Django_Project\HR_sys\HR_sys\venv\Lib\site-packages\django\template\base.py", line 171, in render
    return self._render(context)
           ~~~~~~~~~~~~^^^^^^^^^
  File "E:\My_Project\Django_Project\HR_sys\HR_sys\venv\Lib\site-packages\django\template\base.py", line 163, in _render
    return self.nodelist.render(context)
           ~~~~~~~~~~~~~~~~~~~~^^^^^^^^^
  File "E:\My_Project\Django_Project\HR_sys\HR_sys\venv\Lib\site-packages\django\template\base.py", line 1016, in render
    return SafeString("".join([node.render_annotated(context) for node in self]))
                               ~~~~~~~~~~~~~~~~~~~~~^^^^^^^^^
  File "E:\My_Project\Django_Project\HR_sys\HR_sys\venv\Lib\site-packages\django\template\base.py", line 977, in render_annotated
    return self.render(context)
           ~~~~~~~~~~~^^^^^^^^^
  File "E:\My_Project\Django_Project\HR_sys\HR_sys\venv\Lib\site-packages\django\template\loader_tags.py", line 159, in render
    return compiled_parent._render(context)
           ~~~~~~~~~~~~~~~~~~~~~~~^^^^^^^^^
  File "E:\My_Project\Django_Project\HR_sys\HR_sys\venv\Lib\site-packages\django\template\base.py", line 163, in _render
    return self.nodelist.render(context)
           ~~~~~~~~~~~~~~~~~~~~^^^^^^^^^
  File "E:\My_Project\Django_Project\HR_sys\HR_sys\venv\Lib\site-packages\django\template\base.py", line 1016, in render
    return SafeString("".join([node.render_annotated(context) for node in self]))
                               ~~~~~~~~~~~~~~~~~~~~~^^^^^^^^^
  File "E:\My_Project\Django_Project\HR_sys\HR_sys\venv\Lib\site-packages\django\template\base.py", line 977, in render_annotated
    return self.render(context)
           ~~~~~~~~~~~^^^^^^^^^
  File "E:\My_Project\Django_Project\HR_sys\HR_sys\venv\Lib\site-packages\django\template\defaulttags.py", line 480, in render
    url = reverse(view_name, args=args, kwargs=kwargs, current_app=current_app)
  File "E:\My_Project\Django_Project\HR_sys\HR_sys\venv\Lib\site-packages\django\urls\base.py", line 98, in reverse
    resolved_url = resolver._reverse_with_prefix(view, prefix, *args, **kwargs)
  File "E:\My_Project\Django_Project\HR_sys\HR_sys\venv\Lib\site-packages\django\urls\resolvers.py", line 831, in _reverse_with_prefix
    raise NoReverseMatch(msg)
django.urls.exceptions.NoReverseMatch: Reverse for 'attendance_today' not found. 'attendance_today' is not a valid view function or pattern name.
ERROR 2025-11-12 15:43:36,663 basehttp "GET / HTTP/1.1" 500 160601
INFO 2025-11-12 15:45:28,363 autoreload E:\My_Project\Django_Project\HR_sys\HR_sys\core\views.py changed, reloading.
INFO 2025-11-12 15:45:30,977 autoreload Watching for file changes with StatReloader
INFO 2025-11-12 15:46:11,694 basehttp "GET / HTTP/1.1" 302 0
INFO 2025-11-12 15:46:11,701 basehttp "GET /login/?next=/ HTTP/1.1" 200 7575
INFO 2025-11-12 15:46:27,155 basehttp - Broken pipe from ('127.0.0.1', 58617)
ERROR 2025-11-12 15:50:13,281 log Internal Server Error: /
Traceback (most recent call last):
  File "E:\My_Project\Django_Project\HR_sys\HR_sys\venv\Lib\site-packages\django\core\handlers\exception.py", line 55, in inner
    response = get_response(request)
  File "E:\My_Project\Django_Project\HR_sys\HR_sys\venv\Lib\site-packages\django\core\handlers\base.py", line 197, in _get_response
    response = wrapped_callback(request, *callback_args, **callback_kwargs)
  File "E:\My_Project\Django_Project\HR_sys\HR_sys\venv\Lib\site-packages\django\contrib\auth\decorators.py", line 59, in _view_wrapper
    return view_func(request, *args, **kwargs)
  File "E:\My_Project\Django_Project\HR_sys\HR_sys\core\views.py", line 102, in dashboard
    return render(request, 'core/dashboard_simple.html', context)
  File "E:\My_Project\Django_Project\HR_sys\HR_sys\venv\Lib\site-packages\django\shortcuts.py", line 25, in render
    content = loader.render_to_string(template_name, context, request, using=using)
  File "E:\My_Project\Django_Project\HR_sys\HR_sys\venv\Lib\site-packages\django\template\loader.py", line 62, in render_to_string
    return template.render(context, request)
           ~~~~~~~~~~~~~~~^^^^^^^^^^^^^^^^^^
  File "E:\My_Project\Django_Project\HR_sys\HR_sys\venv\Lib\site-packages\django\template\backends\django.py", line 107, in render
    return self.template.render(context)
           ~~~~~~~~~~~~~~~~~~~~^^^^^^^^^
  File "E:\My_Project\Django_Project\HR_sys\HR_sys\venv\Lib\site-packages\django\template\base.py", line 171, in render
    return self._render(context)
           ~~~~~~~~~~~~^^^^^^^^^
  File "E:\My_Project\Django_Project\HR_sys\HR_sys\venv\Lib\site-packages\django\template\base.py", line 163, in _render
    return self.nodelist.render(context)
           ~~~~~~~~~~~~~~~~~~~~^^^^^^^^^
  File "E:\My_Project\Django_Project\HR_sys\HR_sys\venv\Lib\site-packages\django\template\base.py", line 1016, in render
    return SafeString("".join([node.render_annotated(context) for node in self]))
                               ~~~~~~~~~~~~~~~~~~~~~^^^^^^^^^
  File "E:\My_Project\Django_Project\HR_sys\HR_sys\venv\Lib\site-packages\django\template\base.py", line 977, in render_annotated
    return self.render(context)
           ~~~~~~~~~~~^^^^^^^^^
  File "E:\My_Project\Django_Project\HR_sys\HR_sys\venv\Lib\site-packages\django\template\loader_tags.py", line 159, in render
    return compiled_parent._render(context)
           ~~~~~~~~~~~~~~~~~~~~~~~^^^^^^^^^
  File "E:\My_Project\Django_Project\HR_sys\HR_sys\venv\Lib\site-packages\django\template\base.py", line 163, in _render
    return self.nodelist.render(context)
           ~~~~~~~~~~~~~~~~~~~~^^^^^^^^^
  File "E:\My_Project\Django_Project\HR_sys\HR_sys\venv\Lib\site-packages\django\template\base.py", line 1016, in render
    return SafeString("".join([node.render_annotated(context) for node in self]))
                               ~~~~~~~~~~~~~~~~~~~~~^^^^^^^^^
  File "E:\My_Project\Django_Project\HR_sys\HR_sys\venv\Lib\site-packages\django\template\base.py", line 977, in render_annotated
    return self.render(context)
           ~~~~~~~~~~~^^^^^^^^^
  File "E:\My_Project\Django_Project\HR_sys\HR_sys\venv\Lib\site-packages\django\template\defaulttags.py", line 480, in render
    url = reverse(view_name, args=args, kwargs=kwargs, current_app=current_app)
  File "E:\My_Project\Django_Project\HR_sys\HR_sys\venv\Lib\site-packages\django\urls\base.py", line 98, in reverse
    resolved_url = resolver._reverse_with_prefix(view, prefix, *args, **kwargs)
  File "E:\My_Project\Django_Project\HR_sys\HR_sys\venv\Lib\site-packages\django\urls\resolvers.py", line 831, in _reverse_with_prefix
    raise NoReverseMatch(msg)
django.urls.exceptions.NoReverseMatch: Reverse for 'attendance_today' not found. 'attendance_today' is not a valid view function or pattern name.
ERROR 2025-11-12 15:50:13,295 basehttp "GET / HTTP/1.1" 500 157302
ERROR 2025-11-12 15:50:15,008 log Internal Server Error: /
Traceback (most recent call last):
  File "E:\My_Project\Django_Project\HR_sys\HR_sys\venv\Lib\site-packages\django\core\handlers\exception.py", line 55, in inner
    response = get_response(request)
  File "E:\My_Project\Django_Project\HR_sys\HR_sys\venv\Lib\site-packages\django\core\handlers\base.py", line 197, in _get_response
    response = wrapped_callback(request, *callback_args, **callback_kwargs)
  File "E:\My_Project\Django_Project\HR_sys\HR_sys\venv\Lib\site-packages\django\contrib\auth\decorators.py", line 59, in _view_wrapper
    return view_func(request, *args, **kwargs)
  File "E:\My_Project\Django_Project\HR_sys\HR_sys\core\views.py", line 102, in dashboard
    return render(request, 'core/dashboard_simple.html', context)
  File "E:\My_Project\Django_Project\HR_sys\HR_sys\venv\Lib\site-packages\django\shortcuts.py", line 25, in render
    content = loader.render_to_string(template_name, context, request, using=using)
  File "E:\My_Project\Django_Project\HR_sys\HR_sys\venv\Lib\site-packages\django\template\loader.py", line 62, in render_to_string
    return template.render(context, request)
           ~~~~~~~~~~~~~~~^^^^^^^^^^^^^^^^^^
  File "E:\My_Project\Django_Project\HR_sys\HR_sys\venv\Lib\site-packages\django\template\backends\django.py", line 107, in render
    return self.template.render(context)
           ~~~~~~~~~~~~~~~~~~~~^^^^^^^^^
  File "E:\My_Project\Django_Project\HR_sys\HR_sys\venv\Lib\site-packages\django\template\base.py", line 171, in render
    return self._render(context)
           ~~~~~~~~~~~~^^^^^^^^^
  File "E:\My_Project\Django_Project\HR_sys\HR_sys\venv\Lib\site-packages\django\template\base.py", line 163, in _render
    return self.nodelist.render(context)
           ~~~~~~~~~~~~~~~~~~~~^^^^^^^^^
  File "E:\My_Project\Django_Project\HR_sys\HR_sys\venv\Lib\site-packages\django\template\base.py", line 1016, in render
    return SafeString("".join([node.render_annotated(context) for node in self]))
                               ~~~~~~~~~~~~~~~~~~~~~^^^^^^^^^
  File "E:\My_Project\Django_Project\HR_sys\HR_sys\venv\Lib\site-packages\django\template\base.py", line 977, in render_annotated
    return self.render(context)
           ~~~~~~~~~~~^^^^^^^^^
  File "E:\My_Project\Django_Project\HR_sys\HR_sys\venv\Lib\site-packages\django\template\loader_tags.py", line 159, in render
    return compiled_parent._render(context)
           ~~~~~~~~~~~~~~~~~~~~~~~^^^^^^^^^
  File "E:\My_Project\Django_Project\HR_sys\HR_sys\venv\Lib\site-packages\django\template\base.py", line 163, in _render
    return self.nodelist.render(context)
           ~~~~~~~~~~~~~~~~~~~~^^^^^^^^^
  File "E:\My_Project\Django_Project\HR_sys\HR_sys\venv\Lib\site-packages\django\template\base.py", line 1016, in render
    return SafeString("".join([node.render_annotated(context) for node in self]))
                               ~~~~~~~~~~~~~~~~~~~~~^^^^^^^^^
  File "E:\My_Project\Django_Project\HR_sys\HR_sys\venv\Lib\site-packages\django\template\base.py", line 977, in render_annotated
    return self.render(context)
           ~~~~~~~~~~~^^^^^^^^^
  File "E:\My_Project\Django_Project\HR_sys\HR_sys\venv\Lib\site-packages\django\template\defaulttags.py", line 480, in render
    url = reverse(view_name, args=args, kwargs=kwargs, current_app=current_app)
  File "E:\My_Project\Django_Project\HR_sys\HR_sys\venv\Lib\site-packages\django\urls\base.py", line 98, in reverse
    resolved_url = resolver._reverse_with_prefix(view, prefix, *args, **kwargs)
  File "E:\My_Project\Django_Project\HR_sys\HR_sys\venv\Lib\site-packages\django\urls\resolvers.py", line 831, in _reverse_with_prefix
    raise NoReverseMatch(msg)
django.urls.exceptions.NoReverseMatch: Reverse for 'attendance_today' not found. 'attendance_today' is not a valid view function or pattern name.
ERROR 2025-11-12 15:50:15,015 basehttp "GET / HTTP/1.1" 500 157302
INFO 2025-11-12 15:50:48,841 basehttp "GET /reports/ HTTP/1.1" 200 34
INFO 2025-11-12 15:50:59,609 basehttp "GET /training/ HTTP/1.1" 200 35
ERROR 2025-11-12 15:51:10,379 log Internal Server Error: /attendance/
Traceback (most recent call last):
  File "E:\My_Project\Django_Project\HR_sys\HR_sys\venv\Lib\site-packages\django\core\handlers\exception.py", line 55, in inner
    response = get_response(request)
  File "E:\My_Project\Django_Project\HR_sys\HR_sys\venv\Lib\site-packages\django\core\handlers\base.py", line 197, in _get_response
    response = wrapped_callback(request, *callback_args, **callback_kwargs)
  File "E:\My_Project\Django_Project\HR_sys\HR_sys\venv\Lib\site-packages\django\contrib\auth\decorators.py", line 59, in _view_wrapper
    return view_func(request, *args, **kwargs)
  File "E:\My_Project\Django_Project\HR_sys\HR_sys\attendance\views.py", line 84, in attendance_list
    return render(request, 'attendance/attendance_list.html', context)
  File "E:\My_Project\Django_Project\HR_sys\HR_sys\venv\Lib\site-packages\django\shortcuts.py", line 25, in render
    content = loader.render_to_string(template_name, context, request, using=using)
  File "E:\My_Project\Django_Project\HR_sys\HR_sys\venv\Lib\site-packages\django\template\loader.py", line 61, in render_to_string
    template = get_template(template_name, using=using)
  File "E:\My_Project\Django_Project\HR_sys\HR_sys\venv\Lib\site-packages\django\template\loader.py", line 15, in get_template
    return engine.get_template(template_name)
           ~~~~~~~~~~~~~~~~~~~^^^^^^^^^^^^^^^
  File "E:\My_Project\Django_Project\HR_sys\HR_sys\venv\Lib\site-packages\django\template\backends\django.py", line 79, in get_template
    return Template(self.engine.get_template(template_name), self)
                    ~~~~~~~~~~~~~~~~~~~~~~~~^^^^^^^^^^^^^^^
  File "E:\My_Project\Django_Project\HR_sys\HR_sys\venv\Lib\site-packages\django\template\engine.py", line 177, in get_template
    template, origin = self.find_template(template_name)
                       ~~~~~~~~~~~~~~~~~~^^^^^^^^^^^^^^^
  File "E:\My_Project\Django_Project\HR_sys\HR_sys\venv\Lib\site-packages\django\template\engine.py", line 159, in find_template
    template = loader.get_template(name, skip=skip)
  File "E:\My_Project\Django_Project\HR_sys\HR_sys\venv\Lib\site-packages\django\template\loaders\cached.py", line 57, in get_template
    template = super().get_template(template_name, skip)
  File "E:\My_Project\Django_Project\HR_sys\HR_sys\venv\Lib\site-packages\django\template\loaders\base.py", line 28, in get_template
    return Template(
        contents,
    ...<2 lines>...
        self.engine,
    )
  File "E:\My_Project\Django_Project\HR_sys\HR_sys\venv\Lib\site-packages\django\template\base.py", line 154, in __init__
    self.nodelist = self.compile_nodelist()
                    ~~~~~~~~~~~~~~~~~~~~~^^
  File "E:\My_Project\Django_Project\HR_sys\HR_sys\venv\Lib\site-packages\django\template\base.py", line 196, in compile_nodelist
    nodelist = parser.parse()
  File "E:\My_Project\Django_Project\HR_sys\HR_sys\venv\Lib\site-packages\django\template\base.py", line 518, in parse
    raise self.error(token, e)
  File "E:\My_Project\Django_Project\HR_sys\HR_sys\venv\Lib\site-packages\django\template\base.py", line 516, in parse
    compiled_result = compile_func(self, token)
  File "E:\My_Project\Django_Project\HR_sys\HR_sys\venv\Lib\site-packages\django\template\loader_tags.py", line 299, in do_extends
    nodelist = parser.parse()
  File "E:\My_Project\Django_Project\HR_sys\HR_sys\venv\Lib\site-packages\django\template\base.py", line 518, in parse
    raise self.error(token, e)
  File "E:\My_Project\Django_Project\HR_sys\HR_sys\venv\Lib\site-packages\django\template\base.py", line 516, in parse
    compiled_result = compile_func(self, token)
  File "E:\My_Project\Django_Project\HR_sys\HR_sys\venv\Lib\site-packages\django\template\loader_tags.py", line 234, in do_block
    nodelist = parser.parse(("endblock",))
  File "E:\My_Project\Django_Project\HR_sys\HR_sys\venv\Lib\site-packages\django\template\base.py", line 489, in parse
    raise self.error(token, e)
  File "E:\My_Project\Django_Project\HR_sys\HR_sys\venv\Lib\site-packages\django\template\base.py", line 487, in parse
    filter_expression = self.compile_filter(token.contents)
  File "E:\My_Project\Django_Project\HR_sys\HR_sys\venv\Lib\site-packages\django\template\base.py", line 609, in compile_filter
    return FilterExpression(token, self)
  File "E:\My_Project\Django_Project\HR_sys\HR_sys\venv\Lib\site-packages\django\template\base.py", line 710, in __init__
    raise TemplateSyntaxError(
    ...<2 lines>...
    )
django.template.exceptions.TemplateSyntaxError: Could not parse the remainder: ' 'attendance:attendance_create'' from 'url 'attendance:attendance_create''
ERROR 2025-11-12 15:51:10,385 basehttp "GET /attendance/ HTTP/1.1" 500 198896
INFO 2025-11-12 16:02:56,526 basehttp "GET /attendance/ HTTP/1.1" 302 0
INFO 2025-11-12 16:02:56,530 basehttp "GET /login/?next=/attendance/ HTTP/1.1" 200 7575
INFO 2025-11-12 16:03:19,913 basehttp - Broken pipe from ('127.0.0.1', 65015)
INFO 2025-11-12 16:04:09,606 autoreload Watching for file changes with StatReloader
INFO 2025-11-12 16:04:30,678 basehttp "GET / HTTP/1.1" 302 0
INFO 2025-11-12 16:04:30,690 basehttp "GET /login/?next=/ HTTP/1.1" 200 7575
INFO 2025-11-12 16:04:34,870 basehttp - Broken pipe from ('127.0.0.1', 49906)
INFO 2025-11-12 16:04:38,384 basehttp "GET /attendance/ HTTP/1.1" 302 0
INFO 2025-11-12 16:04:38,392 basehttp "GET /login/?next=/attendance/ HTTP/1.1" 200 7575
INFO 2025-11-13 11:36:11,259 autoreload Watching for file changes with StatReloader
INFO 2025-11-13 11:40:04,336 basehttp "GET / HTTP/1.1" 302 0
INFO 2025-11-13 11:40:04,343 basehttp "GET /login/?next=/ HTTP/1.1" 200 7575
WARNING 2025-11-13 11:40:04,865 log Not Found: /favicon.ico
WARNING 2025-11-13 11:40:04,865 basehttp "GET /favicon.ico HTTP/1.1" 404 6638
INFO 2025-11-13 11:40:09,883 basehttp "POST /login/ HTTP/1.1" 200 8196
INFO 2025-11-13 11:40:25,654 basehttp "POST /login/ HTTP/1.1" 200 8196
INFO 2025-11-13 11:40:34,830 basehttp "POST /login/ HTTP/1.1" 200 8196
INFO 2025-11-13 13:53:13,437 autoreload Watching for file changes with StatReloader
INFO 2025-11-13 13:53:15,085 basehttp "GET / HTTP/1.1" 302 0
INFO 2025-11-13 13:53:15,091 basehttp "GET /login/?next=/ HTTP/1.1" 200 7575
INFO 2025-11-13 13:53:19,927 basehttp "POST /login/ HTTP/1.1" 200 8196
WARNING 2025-11-13 13:53:20,084 log Not Found: /favicon.ico
WARNING 2025-11-13 13:53:20,084 basehttp "GET /favicon.ico HTTP/1.1" 404 5207
INFO 2025-11-13 13:54:47,002 autoreload Watching for file changes with StatReloader
INFO 2025-11-13 13:54:48,796 basehttp "GET / HTTP/1.1" 302 0
INFO 2025-11-13 13:54:48,802 basehttp "GET /login/?next=/ HTTP/1.1" 200 7575
INFO 2025-11-13 13:54:52,751 basehttp "POST /login/ HTTP/1.1" 302 0
ERROR 2025-11-13 13:54:52,848 log Internal Server Error: /
Traceback (most recent call last):
  File "C:\Users\Administrator\AppData\Local\Programs\Python\Python313\Lib\site-packages\django\core\handlers\exception.py", line 55, in inner
    response = get_response(request)
  File "C:\Users\Administrator\AppData\Local\Programs\Python\Python313\Lib\site-packages\django\core\handlers\base.py", line 197, in _get_response
    response = wrapped_callback(request, *callback_args, **callback_kwargs)
  File "C:\Users\Administrator\AppData\Local\Programs\Python\Python313\Lib\site-packages\django\contrib\auth\decorators.py", line 23, in _wrapper_view
    return view_func(request, *args, **kwargs)
  File "F:\HR_sys\HR_sys_v2\HR_sys\core\views.py", line 102, in dashboard
    return render(request, 'core/dashboard_simple.html', context)
  File "C:\Users\Administrator\AppData\Local\Programs\Python\Python313\Lib\site-packages\django\shortcuts.py", line 24, in render
    content = loader.render_to_string(template_name, context, request, using=using)
  File "C:\Users\Administrator\AppData\Local\Programs\Python\Python313\Lib\site-packages\django\template\loader.py", line 62, in render_to_string
    return template.render(context, request)
           ~~~~~~~~~~~~~~~^^^^^^^^^^^^^^^^^^
  File "C:\Users\Administrator\AppData\Local\Programs\Python\Python313\Lib\site-packages\django\template\backends\django.py", line 61, in render
    return self.template.render(context)
           ~~~~~~~~~~~~~~~~~~~~^^^^^^^^^
  File "C:\Users\Administrator\AppData\Local\Programs\Python\Python313\Lib\site-packages\django\template\base.py", line 175, in render
    return self._render(context)
           ~~~~~~~~~~~~^^^^^^^^^
  File "C:\Users\Administrator\AppData\Local\Programs\Python\Python313\Lib\site-packages\django\template\base.py", line 167, in _render
    return self.nodelist.render(context)
           ~~~~~~~~~~~~~~~~~~~~^^^^^^^^^
  File "C:\Users\Administrator\AppData\Local\Programs\Python\Python313\Lib\site-packages\django\template\base.py", line 1005, in render
    return SafeString("".join([node.render_annotated(context) for node in self]))
                               ~~~~~~~~~~~~~~~~~~~~~^^^^^^^^^
  File "C:\Users\Administrator\AppData\Local\Programs\Python\Python313\Lib\site-packages\django\template\base.py", line 966, in render_annotated
    return self.render(context)
           ~~~~~~~~~~~^^^^^^^^^
  File "C:\Users\Administrator\AppData\Local\Programs\Python\Python313\Lib\site-packages\django\template\loader_tags.py", line 157, in render
    return compiled_parent._render(context)
           ~~~~~~~~~~~~~~~~~~~~~~~^^^^^^^^^
  File "C:\Users\Administrator\AppData\Local\Programs\Python\Python313\Lib\site-packages\django\template\base.py", line 167, in _render
    return self.nodelist.render(context)
           ~~~~~~~~~~~~~~~~~~~~^^^^^^^^^
  File "C:\Users\Administrator\AppData\Local\Programs\Python\Python313\Lib\site-packages\django\template\base.py", line 1005, in render
    return SafeString("".join([node.render_annotated(context) for node in self]))
                               ~~~~~~~~~~~~~~~~~~~~~^^^^^^^^^
  File "C:\Users\Administrator\AppData\Local\Programs\Python\Python313\Lib\site-packages\django\template\base.py", line 966, in render_annotated
    return self.render(context)
           ~~~~~~~~~~~^^^^^^^^^
  File "C:\Users\Administrator\AppData\Local\Programs\Python\Python313\Lib\site-packages\django\template\defaulttags.py", line 471, in render
    url = reverse(view_name, args=args, kwargs=kwargs, current_app=current_app)
  File "C:\Users\Administrator\AppData\Local\Programs\Python\Python313\Lib\site-packages\django\urls\base.py", line 88, in reverse
    return resolver._reverse_with_prefix(view, prefix, *args, **kwargs)
           ~~~~~~~~~~~~~~~~~~~~~~~~~~~~~^^^^^^^^^^^^^^^^^^^^^^^^^^^^^^^
  File "C:\Users\Administrator\AppData\Local\Programs\Python\Python313\Lib\site-packages\django\urls\resolvers.py", line 828, in _reverse_with_prefix
    raise NoReverseMatch(msg)
django.urls.exceptions.NoReverseMatch: Reverse for 'my_payslips' not found. 'my_payslips' is not a valid view function or pattern name.
ERROR 2025-11-13 13:54:52,851 basehttp "GET / HTTP/1.1" 500 158953
INFO 2025-11-13 14:26:17,783 autoreload Watching for file changes with StatReloader
INFO 2025-11-13 14:38:28,727 autoreload Watching for file changes with StatReloader
INFO 2025-11-16 11:47:13,582 autoreload Watching for file changes with StatReloader
INFO 2025-11-16 13:26:50,022 autoreload Watching for file changes with StatReloader
INFO 2025-11-16 13:26:53,216 basehttp "GET / HTTP/1.1" 302 0
INFO 2025-11-16 13:26:53,222 basehttp "GET /login/?next=/ HTTP/1.1" 200 7914
WARNING 2025-11-16 13:26:53,640 log Not Found: /favicon.ico
WARNING 2025-11-16 13:26:53,640 basehttp "GET /favicon.ico HTTP/1.1" 404 5207
INFO 2025-11-16 13:27:01,386 basehttp "POST /login/ HTTP/1.1" 302 0
ERROR 2025-11-16 13:27:01,511 log Internal Server Error: /
Traceback (most recent call last):
  File "F:\HR_sys\HR_sys_v2\HR_sys\venv\Lib\site-packages\django\core\handlers\exception.py", line 55, in inner
    response = get_response(request)
  File "F:\HR_sys\HR_sys_v2\HR_sys\venv\Lib\site-packages\django\core\handlers\base.py", line 197, in _get_response
    response = wrapped_callback(request, *callback_args, **callback_kwargs)
  File "F:\HR_sys\HR_sys_v2\HR_sys\venv\Lib\site-packages\django\contrib\auth\decorators.py", line 23, in _wrapper_view
    return view_func(request, *args, **kwargs)
  File "F:\HR_sys\HR_sys_v2\HR_sys\core\views.py", line 102, in dashboard
    return render(request, 'core/dashboard_simple.html', context)
  File "F:\HR_sys\HR_sys_v2\HR_sys\venv\Lib\site-packages\django\shortcuts.py", line 24, in render
    content = loader.render_to_string(template_name, context, request, using=using)
  File "F:\HR_sys\HR_sys_v2\HR_sys\venv\Lib\site-packages\django\template\loader.py", line 62, in render_to_string
    return template.render(context, request)
           ~~~~~~~~~~~~~~~^^^^^^^^^^^^^^^^^^
  File "F:\HR_sys\HR_sys_v2\HR_sys\venv\Lib\site-packages\django\template\backends\django.py", line 61, in render
    return self.template.render(context)
           ~~~~~~~~~~~~~~~~~~~~^^^^^^^^^
  File "F:\HR_sys\HR_sys_v2\HR_sys\venv\Lib\site-packages\django\template\base.py", line 171, in render
    return self._render(context)
           ~~~~~~~~~~~~^^^^^^^^^
  File "F:\HR_sys\HR_sys_v2\HR_sys\venv\Lib\site-packages\django\template\base.py", line 163, in _render
    return self.nodelist.render(context)
           ~~~~~~~~~~~~~~~~~~~~^^^^^^^^^
  File "F:\HR_sys\HR_sys_v2\HR_sys\venv\Lib\site-packages\django\template\base.py", line 1000, in render
    return SafeString("".join([node.render_annotated(context) for node in self]))
                               ~~~~~~~~~~~~~~~~~~~~~^^^^^^^^^
  File "F:\HR_sys\HR_sys_v2\HR_sys\venv\Lib\site-packages\django\template\base.py", line 961, in render_annotated
    return self.render(context)
           ~~~~~~~~~~~^^^^^^^^^
  File "F:\HR_sys\HR_sys_v2\HR_sys\venv\Lib\site-packages\django\template\loader_tags.py", line 159, in render
    return compiled_parent._render(context)
           ~~~~~~~~~~~~~~~~~~~~~~~^^^^^^^^^
  File "F:\HR_sys\HR_sys_v2\HR_sys\venv\Lib\site-packages\django\template\base.py", line 163, in _render
    return self.nodelist.render(context)
           ~~~~~~~~~~~~~~~~~~~~^^^^^^^^^
  File "F:\HR_sys\HR_sys_v2\HR_sys\venv\Lib\site-packages\django\template\base.py", line 1000, in render
    return SafeString("".join([node.render_annotated(context) for node in self]))
                               ~~~~~~~~~~~~~~~~~~~~~^^^^^^^^^
  File "F:\HR_sys\HR_sys_v2\HR_sys\venv\Lib\site-packages\django\template\base.py", line 961, in render_annotated
    return self.render(context)
           ~~~~~~~~~~~^^^^^^^^^
  File "F:\HR_sys\HR_sys_v2\HR_sys\venv\Lib\site-packages\django\template\defaulttags.py", line 478, in render
    url = reverse(view_name, args=args, kwargs=kwargs, current_app=current_app)
  File "F:\HR_sys\HR_sys_v2\HR_sys\venv\Lib\site-packages\django\urls\base.py", line 88, in reverse
    return resolver._reverse_with_prefix(view, prefix, *args, **kwargs)
           ~~~~~~~~~~~~~~~~~~~~~~~~~~~~~^^^^^^^^^^^^^^^^^^^^^^^^^^^^^^^
  File "F:\HR_sys\HR_sys_v2\HR_sys\venv\Lib\site-packages\django\urls\resolvers.py", line 848, in _reverse_with_prefix
    raise NoReverseMatch(msg)
django.urls.exceptions.NoReverseMatch: Reverse for 'leaves_list' not found. 'leaves_list' is not a valid view function or pattern name.
ERROR 2025-11-16 13:27:01,517 basehttp "GET / HTTP/1.1" 500 152701
